\BOOKMARK [1][-]{section.1}{\376\377\000T\000a\000g\000e\000s\000o\000r\000d\000n\000u\000n\000g\000s\000p\000u\000n\000k\000t\000\040\0001\0008}{}% 1
\BOOKMARK [2][-]{subsection.1.1}{\376\377\000B\000a\000r\000l\000e\000y}{section.1}% 2
\BOOKMARK [2][-]{subsection.1.2}{\376\377\000M\000a\000i\000e\000r}{section.1}% 3
\BOOKMARK [2][-]{subsection.1.3}{\376\377\000F\000r\000e\000i}{section.1}% 4
\BOOKMARK [2][-]{subsection.1.4}{\376\377\000T\000h\000o\000m\000a\000e}{section.1}% 5
\BOOKMARK [2][-]{subsection.1.5}{\376\377\000M\000\366\000h\000r\000i\000n\000g}{section.1}% 6
\BOOKMARK [2][-]{subsection.1.6}{\376\377\000S\000c\000h\000a\000u\000w\000s}{section.1}% 7
\BOOKMARK [2][-]{subsection.1.7}{\376\377\000G\000i\000f\000f\000e\000y}{section.1}% 8
\BOOKMARK [2][-]{subsection.1.8}{\376\377\000K\000e\000u\000l}{section.1}% 9
\BOOKMARK [2][-]{subsection.1.9}{\376\377\000G\000i\000f\000f\000e\000y}{section.1}% 10
\BOOKMARK [2][-]{subsection.1.10}{\376\377\000W\000i\000n\000k\000e\000l\000m\000e\000i\000e\000r\000-\000B\000e\000c\000k\000e\000r}{section.1}% 11
\BOOKMARK [2][-]{subsection.1.11}{\376\377\000H\000o\000f\000f\000m\000a\000n\000n}{section.1}% 12
\BOOKMARK [1][-]{section.2}{\376\377\000T\000a\000g\000e\000s\000o\000r\000d\000n\000u\000n\000g\000s\000p\000u\000n\000k\000t\000\040\0001\0006}{}% 13
\BOOKMARK [2][-]{subsection.2.1}{\376\377\000K\000a\000r\000l\000i\000c\000z\000e\000k}{section.2}% 14
\BOOKMARK [2][-]{subsection.2.2}{\376\377\000C\000o\000t\000a\000r}{section.2}% 15
\BOOKMARK [2][-]{subsection.2.3}{\376\377\000S\000c\000h\000\374\000l\000e}{section.2}% 16
\BOOKMARK [2][-]{subsection.2.4}{\376\377\000B\000r\000a\000n\000d\000e\000n\000b\000u\000r\000g}{section.2}% 17
\BOOKMARK [2][-]{subsection.2.5}{\376\377\000S\000i\000t\000t\000e}{section.2}% 18
\BOOKMARK [2][-]{subsection.2.6}{\376\377\000J\000a\000n\000e\000c\000e\000k}{section.2}% 19
\BOOKMARK [2][-]{subsection.2.7}{\376\377\000S\000t\000e\000i\000e\000r}{section.2}% 20
\BOOKMARK [2][-]{subsection.2.8}{\376\377\000J\000o\000n\000g\000e\000n}{section.2}% 21
\BOOKMARK [2][-]{subsection.2.9}{\376\377\000M\000o\000h\000r\000s}{section.2}% 22
\BOOKMARK [2][-]{subsection.2.10}{\376\377\000K\000l\000u\000c\000k\000e\000r\000t}{section.2}% 23
\BOOKMARK [2][-]{subsection.2.11}{\376\377\000T\000a\000t\000t\000i}{section.2}% 24
\BOOKMARK [2][-]{subsection.2.12}{\376\377\000C\000h\000r\000i\000s\000t\000m\000a\000n\000n}{section.2}% 25
\BOOKMARK [2][-]{subsection.2.13}{\376\377\000S\000c\000h\000\366\000n}{section.2}% 26
\BOOKMARK [2][-]{subsection.2.14}{\376\377\000R\000\366\000s\000p\000e\000l}{section.2}% 27
\BOOKMARK [2][-]{subsection.2.15}{\376\377\000K\000e\000m\000m\000e\000r}{section.2}% 28
\BOOKMARK [1][-]{section.3}{\376\377\000T\000a\000g\000e\000s\000o\000r\000d\000n\000u\000n\000g\000s\000p\000u\000n\000k\000t\000\040\0009}{}% 29
\BOOKMARK [2][-]{subsection.3.1}{\376\377\000S\000p\000a\000n\000i\000e\000l}{section.3}% 30
\BOOKMARK [2][-]{subsection.3.2}{\376\377\000S\000c\000h\000w\000e\000i\000g\000e\000r}{section.3}% 31
\BOOKMARK [2][-]{subsection.3.3}{\376\377\000M\000\374\000l\000l\000e\000r\000-\000B\000\366\000h\000m}{section.3}% 32
\BOOKMARK [2][-]{subsection.3.4}{\376\377\000M\000i\000n\000d\000r\000u\000p}{section.3}% 33
\BOOKMARK [2][-]{subsection.3.5}{\376\377\000S\000p\000a\000n\000i\000e\000l}{section.3}% 34
\BOOKMARK [2][-]{subsection.3.6}{\376\377\000M\000i\000n\000d\000r\000u\000p}{section.3}% 35
\BOOKMARK [2][-]{subsection.3.7}{\376\377\000L\000e\000i\000d\000i\000g}{section.3}% 36
\BOOKMARK [2][-]{subsection.3.8}{\376\377\000K\000o\000t\000t\000i\000n\000g\000-\000U\000h\000l}{section.3}% 37
\BOOKMARK [2][-]{subsection.3.9}{\376\377\000K\000u\000f\000f\000e\000r}{section.3}% 38
\BOOKMARK [1][-]{section.4}{\376\377\000T\000a\000g\000e\000s\000o\000r\000d\000n\000u\000n\000g\000s\000p\000u\000n\000k\000t\000\040\0001\0009}{}% 39
\BOOKMARK [2][-]{subsection.4.1}{\376\377\000Z\000i\000m\000m\000e\000r\000m\000a\000n\000n}{section.4}% 40
\BOOKMARK [2][-]{subsection.4.2}{\376\377\000R\000\374\000d\000d\000e\000l}{section.4}% 41
\BOOKMARK [2][-]{subsection.4.3}{\376\377\000S\000c\000h\000n\000e\000i\000d\000e\000r}{section.4}% 42
\BOOKMARK [2][-]{subsection.4.4}{\376\377\000B\000a\000e\000h\000r\000e\000n\000s}{section.4}% 43
\BOOKMARK [2][-]{subsection.4.5}{\376\377\000W\000e\000s\000t\000i\000g}{section.4}% 44
\BOOKMARK [2][-]{subsection.4.6}{\376\377\000S\000c\000h\000u\000l\000z\000-\000A\000s\000c\000h\000e}{section.4}% 45
\BOOKMARK [2][-]{subsection.4.7}{\376\377\000I\000r\000l\000s\000t\000o\000r\000f\000e\000r}{section.4}% 46
\BOOKMARK [2][-]{subsection.4.8}{\376\377\000P\000o\000d\000o\000l\000a\000y}{section.4}% 47
\BOOKMARK [2][-]{subsection.4.9}{\376\377\000M\000o\000l\000l}{section.4}% 48
\BOOKMARK [2][-]{subsection.4.10}{\376\377\000U\000l\000l\000m\000a\000n\000n}{section.4}% 49
\BOOKMARK [2][-]{subsection.4.11}{\376\377\000K\000i\000p\000p\000e\000l\000s}{section.4}% 50
\BOOKMARK [2][-]{subsection.4.12}{\376\377\000H\000e\000i\000d\000e\000n\000b\000l\000u\000t}{section.4}% 51
\BOOKMARK [2][-]{subsection.4.13}{\376\377\000Z\000e\000u\000l\000n\000e\000r}{section.4}% 52
\BOOKMARK [1][-]{section.5}{\376\377\000T\000a\000g\000e\000s\000o\000r\000d\000n\000u\000n\000g\000s\000p\000u\000n\000k\000t\000\040\0002\0001}{}% 53
\BOOKMARK [2][-]{subsection.5.1}{\376\377\000R\000o\000t\000t\000m\000a\000n\000n}{section.5}% 54
\BOOKMARK [2][-]{subsection.5.2}{\376\377\000J\000u\000n\000g}{section.5}% 55
\BOOKMARK [2][-]{subsection.5.3}{\376\377\000J\000a\000c\000o\000b\000i}{section.5}% 56
\BOOKMARK [2][-]{subsection.5.4}{\376\377\000S\000c\000h\000e\000e\000r}{section.5}% 57
\BOOKMARK [2][-]{subsection.5.5}{\376\377\000M\000\374\000l\000l\000e\000r\000-\000B\000\366\000h\000m}{section.5}% 58
\BOOKMARK [2][-]{subsection.5.6}{\376\377\000M\000o\000v\000a\000s\000s\000a\000t}{section.5}% 59
\BOOKMARK [2][-]{subsection.5.7}{\376\377\000H\000o\000f\000f\000m\000a\000n\000n}{section.5}% 60
\BOOKMARK [2][-]{subsection.5.8}{\376\377\000R\000a\000b\000a\000n\000u\000s}{section.5}% 61
\BOOKMARK [2][-]{subsection.5.9}{\376\377\000H\000i\000r\000t\000e}{section.5}% 62
\BOOKMARK [1][-]{section.6}{\376\377\000T\000a\000g\000e\000s\000o\000r\000d\000n\000u\000n\000g\000s\000p\000u\000n\000k\000t\000\040\0002\0000}{}% 63
\BOOKMARK [2][-]{subsection.6.1}{\376\377\000H\000\366\000f\000e\000r\000l\000i\000n}{section.6}% 64
\BOOKMARK [2][-]{subsection.6.2}{\376\377\000B\000e\000r\000n\000s\000t\000i\000e\000l}{section.6}% 65
\BOOKMARK [2][-]{subsection.6.3}{\376\377\000S\000c\000h\000u\000l\000z}{section.6}% 66
\BOOKMARK [2][-]{subsection.6.4}{\376\377\000H\000a\000r\000t\000m\000a\000n\000n}{section.6}% 67
\BOOKMARK [2][-]{subsection.6.5}{\376\377\000H\000a\000h\000n}{section.6}% 68
\BOOKMARK [2][-]{subsection.6.6}{\376\377\000v\000o\000n\000\040\000N\000o\000t\000z}{section.6}% 69
\BOOKMARK [2][-]{subsection.6.7}{\376\377\000K\000u\000f\000f\000e\000r}{section.6}% 70
\BOOKMARK [2][-]{subsection.6.8}{\376\377\000E\000s\000k\000e\000n}{section.6}% 71
\BOOKMARK [2][-]{subsection.6.9}{\376\377\000B\000i\000a\000d\000a\000c\000z}{section.6}% 72
