\BOOKMARK [1][-]{section.1}{\376\377\000Z\000u\000s\000a\000t\000z\000p\000u\000n\000k\000t\000\040\0001}{}% 1
\BOOKMARK [2][-]{subsection.1.1}{\376\377\000O\000s\000t\000e\000n\000d\000o\000r\000f\000f}{section.1}% 2
\BOOKMARK [2][-]{subsection.1.2}{\376\377\000S\000c\000h\000u\000m\000m\000e\000r}{section.1}% 3
\BOOKMARK [2][-]{subsection.1.3}{\376\377\000P\000r\000o\000t\000s\000c\000h\000k\000a}{section.1}% 4
\BOOKMARK [2][-]{subsection.1.4}{\376\377\000H\000e\000i\000l}{section.1}% 5
\BOOKMARK [2][-]{subsection.1.5}{\376\377\000C\000r\000o\000n\000e\000n\000b\000e\000r\000g}{section.1}% 6
\BOOKMARK [2][-]{subsection.1.6}{\376\377\000K\000r\000e\000l\000l\000m\000a\000n\000n}{section.1}% 7
\BOOKMARK [2][-]{subsection.1.7}{\376\377\000Z\000i\000m\000m\000e\000r}{section.1}% 8
\BOOKMARK [2][-]{subsection.1.8}{\376\377\000S\000p\000r\000i\000n\000g\000e\000r}{section.1}% 9
\BOOKMARK [2][-]{subsection.1.9}{\376\377\000M\000a\000s\000t}{section.1}% 10
\BOOKMARK [2][-]{subsection.1.10}{\376\377\000M\000\374\000l\000l\000e\000r\000-\000G\000e\000m\000m\000e\000k\000e}{section.1}% 11
\BOOKMARK [2][-]{subsection.1.11}{\376\377\000S\000c\000h\000i\000m\000k\000e}{section.1}% 12
\BOOKMARK [2][-]{subsection.1.12}{\376\377\000G\000e\000r\000d\000e\000s}{section.1}% 13
\BOOKMARK [2][-]{subsection.1.13}{\376\377\000S\000t\000r\000a\000u\000b\000i\000n\000g\000e\000r}{section.1}% 14
\BOOKMARK [2][-]{subsection.1.14}{\376\377\000S\000p\000i\000e\000r\000i\000n\000g}{section.1}% 15
\BOOKMARK [1][-]{section.2}{\376\377\000T\000a\000g\000e\000s\000o\000r\000d\000n\000u\000n\000g\000s\000p\000u\000n\000k\000t\000\040\0006}{}% 16
\BOOKMARK [2][-]{subsection.2.1}{\376\377\000K\000l\000e\000i\000n\000-\000S\000c\000h\000m\000e\000i\000n\000k}{section.2}% 17
\BOOKMARK [2][-]{subsection.2.2}{\376\377\000R\000i\000e\000b\000s\000a\000m\000e\000n}{section.2}% 18
\BOOKMARK [2][-]{subsection.2.3}{\376\377\000S\000i\000c\000h\000e\000r\000t}{section.2}% 19
\BOOKMARK [2][-]{subsection.2.4}{\376\377\000M\000o\000l\000l}{section.2}% 20
\BOOKMARK [2][-]{subsection.2.5}{\376\377\000W\000e\000s\000t\000i\000g}{section.2}% 21
\BOOKMARK [2][-]{subsection.2.6}{\376\377\000Z\000i\000m\000m\000e\000r\000m\000a\000n\000n}{section.2}% 22
\BOOKMARK [2][-]{subsection.2.7}{\376\377\000I\000r\000l\000s\000t\000o\000r\000f\000e\000r}{section.2}% 23
\BOOKMARK [1][-]{section.3}{\376\377\000T\000a\000g\000e\000s\000o\000r\000d\000n\000u\000n\000g\000s\000p\000u\000n\000k\000t\000\040\0007}{}% 24
\BOOKMARK [2][-]{subsection.3.1}{\376\377\000M\000a\000a\000s}{section.3}% 25
\BOOKMARK [2][-]{subsection.3.2}{\376\377\000F\000r\000i\000e\000s\000e\000n}{section.3}% 26
\BOOKMARK [2][-]{subsection.3.3}{\376\377\000T\000a\000u\000b\000e\000r}{section.3}% 27
\BOOKMARK [2][-]{subsection.3.4}{\376\377\000A\000l\000t}{section.3}% 28
\BOOKMARK [2][-]{subsection.3.5}{\376\377\000N\000e\000u}{section.3}% 29
\BOOKMARK [2][-]{subsection.3.6}{\376\377\000S\000a\000r\000r\000a\000z\000i\000n}{section.3}% 30
\BOOKMARK [2][-]{subsection.3.7}{\376\377\000S\000c\000h\000m\000i\000d\000t}{section.3}% 31
\BOOKMARK [2][-]{subsection.3.8}{\376\377\000M\000a\000n\000d\000e\000r\000l\000a}{section.3}% 32
\BOOKMARK [2][-]{subsection.3.9}{\376\377\000N\000a\000s\000t\000i\000c}{section.3}% 33
\BOOKMARK [2][-]{subsection.3.10}{\376\377\000M\000a\000n\000d\000e\000r\000l\000a}{section.3}% 34
\BOOKMARK [1][-]{section.4}{\376\377\000T\000a\000g\000e\000s\000o\000r\000d\000n\000u\000n\000g\000s\000p\000u\000n\000k\000t\000\040\0004}{}% 35
\BOOKMARK [2][-]{subsection.4.1}{\376\377\000L\000a\000y}{section.4}% 36
\BOOKMARK [2][-]{subsection.4.2}{\376\377\000Z\000e\000u\000l\000n\000e\000r}{section.4}% 37
\BOOKMARK [2][-]{subsection.4.3}{\376\377\000H\000e\000m\000m\000e\000l\000g\000a\000r\000n}{section.4}% 38
\BOOKMARK [2][-]{subsection.4.4}{\376\377\000M\000i\000n\000d\000r\000u\000p}{section.4}% 39
\BOOKMARK [2][-]{subsection.4.5}{\376\377\000R\000e\000i\000n\000h\000o\000l\000d}{section.4}% 40
\BOOKMARK [2][-]{subsection.4.6}{\376\377\000K\000\374\000h\000n}{section.4}% 41
\BOOKMARK [2][-]{subsection.4.7}{\376\377\000M\000\366\000r\000i\000n\000g}{section.4}% 42
\BOOKMARK [1][-]{section.5}{\376\377\000T\000a\000g\000e\000s\000o\000r\000d\000n\000u\000n\000g\000s\000p\000u\000n\000k\000t\000\040\0005}{}% 43
\BOOKMARK [2][-]{subsection.5.1}{\376\377\000K\000r\000a\000m\000p\000-\000K\000a\000r\000r\000e\000n\000b\000a\000u\000e\000r}{section.5}% 44
\BOOKMARK [2][-]{subsection.5.2}{\376\377\000H\000a\000m\000p\000e\000l}{section.5}% 45
\BOOKMARK [2][-]{subsection.5.3}{\376\377\000M\000a\000t\000s\000c\000h\000i\000e}{section.5}% 46
\BOOKMARK [2][-]{subsection.5.4}{\376\377\000B\000e\000e\000c\000k}{section.5}% 47
\BOOKMARK [2][-]{subsection.5.5}{\376\377\000V\000o\000g\000l\000e\000r}{section.5}% 48
\BOOKMARK [2][-]{subsection.5.6}{\376\377\000B\000r\000u\000g\000g\000e\000r}{section.5}% 49
\BOOKMARK [2][-]{subsection.5.7}{\376\377\000B\000r\000e\000c\000h\000t}{section.5}% 50
\BOOKMARK [2][-]{subsection.5.8}{\376\377\000B\000r\000a\000n\000d\000l}{section.5}% 51
\BOOKMARK [1][-]{section.6}{\376\377\000T\000a\000g\000e\000s\000o\000r\000d\000n\000u\000n\000g\000s\000p\000u\000n\000k\000t\000\040\0003}{}% 52
\BOOKMARK [2][-]{subsection.6.1}{\376\377\000M\000a\000a\000s}{section.6}% 53
\BOOKMARK [2][-]{subsection.6.2}{\376\377\000M\000a\000i\000e\000r}{section.6}% 54
\BOOKMARK [2][-]{subsection.6.3}{\376\377\000H\000a\000r\000d\000t}{section.6}% 55
\BOOKMARK [2][-]{subsection.6.4}{\376\377\000H\000a\000m\000p\000e\000l}{section.6}% 56
\BOOKMARK [2][-]{subsection.6.5}{\376\377\000H\000a\000r\000d\000t}{section.6}% 57
\BOOKMARK [2][-]{subsection.6.6}{\376\377\000L\000e\000c\000h\000t\000e}{section.6}% 58
\BOOKMARK [2][-]{subsection.6.7}{\376\377\000B\000u\000c\000h\000h\000o\000l\000z}{section.6}% 59
\BOOKMARK [2][-]{subsection.6.8}{\376\377\000T\000r\000i\000t\000t\000i\000n}{section.6}% 60
\BOOKMARK [2][-]{subsection.6.9}{\376\377\000N\000i\000c\000k}{section.6}% 61
\BOOKMARK [2][-]{subsection.6.10}{\376\377\000L\000e\000c\000h\000t\000e}{section.6}% 62
\BOOKMARK [2][-]{subsection.6.11}{\376\377\000N\000i\000c\000k}{section.6}% 63
\BOOKMARK [2][-]{subsection.6.12}{\376\377\000E\000r\000n\000d\000l}{section.6}% 64
\BOOKMARK [1][-]{section.7}{\376\377\000T\000a\000g\000e\000s\000o\000r\000d\000n\000u\000n\000g\000s\000p\000u\000n\000k\000t\000\040\0001}{}% 65
\BOOKMARK [2][-]{subsection.7.1}{\376\377\000M\000e\000r\000k\000e\000l}{section.7}% 66
\BOOKMARK [2][-]{subsection.7.2}{\376\377\000C\000h\000r\000u\000p\000a\000l\000l\000a}{section.7}% 67
\BOOKMARK [2][-]{subsection.7.3}{\376\377\000M\000e\000r\000k\000e\000l}{section.7}% 68
\BOOKMARK [2][-]{subsection.7.4}{\376\377\000C\000h\000r\000u\000p\000a\000l\000l\000a}{section.7}% 69
\BOOKMARK [2][-]{subsection.7.5}{\376\377\000M\000e\000r\000k\000e\000l}{section.7}% 70
\BOOKMARK [2][-]{subsection.7.6}{\376\377\000S\000p\000i\000e\000r\000i\000n\000g}{section.7}% 71
\BOOKMARK [2][-]{subsection.7.7}{\376\377\000M\000e\000r\000k\000e\000l}{section.7}% 72
\BOOKMARK [2][-]{subsection.7.8}{\376\377\000S\000p\000i\000e\000r\000i\000n\000g}{section.7}% 73
\BOOKMARK [2][-]{subsection.7.9}{\376\377\000M\000e\000r\000k\000e\000l}{section.7}% 74
\BOOKMARK [2][-]{subsection.7.10}{\376\377\000H\000\366\000f\000e\000r\000l\000i\000n}{section.7}% 75
\BOOKMARK [2][-]{subsection.7.11}{\376\377\000M\000e\000r\000k\000e\000l}{section.7}% 76
\BOOKMARK [2][-]{subsection.7.12}{\376\377\000H\000\366\000f\000e\000r\000l\000i\000n}{section.7}% 77
\BOOKMARK [2][-]{subsection.7.13}{\376\377\000M\000e\000r\000k\000e\000l}{section.7}% 78
\BOOKMARK [2][-]{subsection.7.14}{\376\377\000H\000e\000n\000r\000i\000c\000h\000m\000a\000n\000n}{section.7}% 79
\BOOKMARK [2][-]{subsection.7.15}{\376\377\000H\000e\000n\000r\000i\000c\000h\000m\000a\000n\000n}{section.7}% 80
\BOOKMARK [2][-]{subsection.7.16}{\376\377\000W\000e\000i\000n\000b\000e\000r\000g}{section.7}% 81
\BOOKMARK [2][-]{subsection.7.17}{\376\377\000M\000e\000r\000k\000e\000l}{section.7}% 82
\BOOKMARK [2][-]{subsection.7.18}{\376\377\000W\000e\000i\000n\000b\000e\000r\000g}{section.7}% 83
\BOOKMARK [2][-]{subsection.7.19}{\376\377\000M\000e\000r\000k\000e\000l}{section.7}% 84
\BOOKMARK [2][-]{subsection.7.20}{\376\377\000R\000\366\000\337\000n\000e\000r}{section.7}% 85
\BOOKMARK [2][-]{subsection.7.21}{\376\377\000M\000e\000r\000k\000e\000l}{section.7}% 86
\BOOKMARK [2][-]{subsection.7.22}{\376\377\000R\000\366\000\337\000n\000e\000r}{section.7}% 87
\BOOKMARK [2][-]{subsection.7.23}{\376\377\000M\000e\000r\000k\000e\000l}{section.7}% 88
\BOOKMARK [2][-]{subsection.7.24}{\376\377\000H\000\366\000f\000e\000r\000l\000i\000n}{section.7}% 89
\BOOKMARK [2][-]{subsection.7.25}{\376\377\000M\000e\000r\000k\000e\000l}{section.7}% 90
\BOOKMARK [2][-]{subsection.7.26}{\376\377\000S\000p\000a\000n\000g\000e\000n\000b\000e\000r\000g}{section.7}% 91
\BOOKMARK [2][-]{subsection.7.27}{\376\377\000M\000e\000r\000k\000e\000l}{section.7}% 92
\BOOKMARK [2][-]{subsection.7.28}{\376\377\000S\000c\000h\000e\000e\000r}{section.7}% 93
\BOOKMARK [2][-]{subsection.7.29}{\376\377\000M\000e\000r\000k\000e\000l}{section.7}% 94
\BOOKMARK [2][-]{subsection.7.30}{\376\377\000S\000c\000h\000e\000e\000r}{section.7}% 95
\BOOKMARK [2][-]{subsection.7.31}{\376\377\000M\000e\000r\000k\000e\000l}{section.7}% 96
\BOOKMARK [2][-]{subsection.7.32}{\376\377\000B\000a\000d\000u\000m}{section.7}% 97
\BOOKMARK [2][-]{subsection.7.33}{\376\377\000M\000e\000r\000k\000e\000l}{section.7}% 98
\BOOKMARK [2][-]{subsection.7.34}{\376\377\000V\000o\000g\000e\000l}{section.7}% 99
\BOOKMARK [2][-]{subsection.7.35}{\376\377\000M\000e\000r\000k\000e\000l}{section.7}% 100
\BOOKMARK [2][-]{subsection.7.36}{\376\377\000V\000o\000g\000e\000l}{section.7}% 101
\BOOKMARK [2][-]{subsection.7.37}{\376\377\000M\000e\000r\000k\000e\000l}{section.7}% 102
\BOOKMARK [2][-]{subsection.7.38}{\376\377\000K\000r\000i\000c\000h\000b\000a\000u\000m}{section.7}% 103
\BOOKMARK [2][-]{subsection.7.39}{\376\377\000M\000e\000r\000k\000e\000l}{section.7}% 104
\BOOKMARK [2][-]{subsection.7.40}{\376\377\000K\000r\000i\000c\000h\000b\000a\000u\000m}{section.7}% 105
\BOOKMARK [2][-]{subsection.7.41}{\376\377\000M\000e\000r\000k\000e\000l}{section.7}% 106
\BOOKMARK [2][-]{subsection.7.42}{\376\377\000B\000r\000a\000n\000t\000n\000e\000r}{section.7}% 107
\BOOKMARK [2][-]{subsection.7.43}{\376\377\000M\000e\000r\000k\000e\000l}{section.7}% 108
\BOOKMARK [2][-]{subsection.7.44}{\376\377\000S\000c\000h\000i\000n\000n\000e\000n\000b\000u\000r\000g}{section.7}% 109
\BOOKMARK [2][-]{subsection.7.45}{\376\377\000M\000e\000r\000k\000e\000l}{section.7}% 110
\BOOKMARK [2][-]{subsection.7.46}{\376\377\000D\000e\000\040\000M\000a\000s\000i}{section.7}% 111
\BOOKMARK [2][-]{subsection.7.47}{\376\377\000M\000e\000r\000k\000e\000l}{section.7}% 112
\BOOKMARK [2][-]{subsection.7.48}{\376\377\000D\000e\000\040\000M\000a\000s\000i}{section.7}% 113
\BOOKMARK [2][-]{subsection.7.49}{\376\377\000M\000e\000r\000k\000e\000l}{section.7}% 114
\BOOKMARK [2][-]{subsection.7.50}{\376\377\000S\000c\000h\000a\000u\000w\000s}{section.7}% 115
\BOOKMARK [2][-]{subsection.7.51}{\376\377\000M\000e\000r\000k\000e\000l}{section.7}% 116
\BOOKMARK [2][-]{subsection.7.52}{\376\377\000S\000c\000h\000a\000u\000w\000s}{section.7}% 117
\BOOKMARK [2][-]{subsection.7.53}{\376\377\000M\000e\000r\000k\000e\000l}{section.7}% 118
\BOOKMARK [2][-]{subsection.7.54}{\376\377\000K\000l\000e\000i\000n\000w\000\344\000c\000h\000t\000e\000r}{section.7}% 119
\BOOKMARK [2][-]{subsection.7.55}{\376\377\000M\000e\000r\000k\000e\000l}{section.7}% 120
\BOOKMARK [2][-]{subsection.7.56}{\376\377\000K\000l\000e\000i\000n\000w\000\344\000c\000h\000t\000e\000r}{section.7}% 121
\BOOKMARK [2][-]{subsection.7.57}{\376\377\000M\000e\000r\000k\000e\000l}{section.7}% 122
\BOOKMARK [2][-]{subsection.7.58}{\376\377\000P\000e\000t\000r\000y}{section.7}% 123
\BOOKMARK [2][-]{subsection.7.59}{\376\377\000M\000e\000r\000k\000e\000l}{section.7}% 124
\BOOKMARK [2][-]{subsection.7.60}{\376\377\000P\000e\000t\000r\000y}{section.7}% 125
\BOOKMARK [2][-]{subsection.7.61}{\376\377\000M\000e\000r\000k\000e\000l}{section.7}% 126
\BOOKMARK [2][-]{subsection.7.62}{\376\377\000G\000l\000a\000s\000e\000r}{section.7}% 127
\BOOKMARK [2][-]{subsection.7.63}{\376\377\000M\000e\000r\000k\000e\000l}{section.7}% 128
\BOOKMARK [2][-]{subsection.7.64}{\376\377\000E\000b\000b\000i\000n\000g}{section.7}% 129
\BOOKMARK [2][-]{subsection.7.65}{\376\377\000M\000e\000r\000k\000e\000l}{section.7}% 130
\BOOKMARK [2][-]{subsection.7.66}{\376\377\000E\000b\000b\000i\000n\000g}{section.7}% 131
\BOOKMARK [2][-]{subsection.7.67}{\376\377\000M\000e\000r\000k\000e\000l}{section.7}% 132
\BOOKMARK [2][-]{subsection.7.68}{\376\377\000G\000r\000u\000n\000d\000l}{section.7}% 133
\BOOKMARK [2][-]{subsection.7.69}{\376\377\000M\000e\000r\000k\000e\000l}{section.7}% 134
