This is pdfTeX, Version 3.141592653-2.6-1.40.26 (TeX Live 2024) (preloaded format=pdflatex 2024.3.19)  22 MAR 2024 16:36
entering extended mode
 restricted \write18 enabled.
 %&-line parsing enabled.
**Plenarprotokoll19-81.tex
(./Plenarprotokoll19-81.tex
LaTeX2e <2023-11-01> patch level 1
L3 programming layer <2024-03-14>
(c:/texlive/2024/texmf-dist/tex/latex/base/article.cls
Document Class: article 2023/05/17 v1.4n Standard LaTeX document class
(c:/texlive/2024/texmf-dist/tex/latex/base/size10.clo
File: size10.clo 2023/05/17 v1.4n Standard LaTeX file (size option)
)
\c@part=\count188
\c@section=\count189
\c@subsection=\count190
\c@subsubsection=\count191
\c@paragraph=\count192
\c@subparagraph=\count193
\c@figure=\count194
\c@table=\count195
\abovecaptionskip=\skip48
\belowcaptionskip=\skip49
\bibindent=\dimen140
)
(c:/texlive/2024/texmf-dist/tex/latex/base/fontenc.sty
Package: fontenc 2021/04/29 v2.0v Standard LaTeX package
)
(c:/texlive/2024/texmf-dist/tex/latex/base/inputenc.sty
Package: inputenc 2021/02/14 v1.3d Input encoding file
\inpenc@prehook=\toks17
\inpenc@posthook=\toks18
)
   defining Unicode char U+202F (decimal 8239)

(c:/texlive/2024/texmf-dist/tex/latex/graphics/graphicx.sty
Package: graphicx 2021/09/16 v1.2d Enhanced LaTeX Graphics (DPC,SPQR)

(c:/texlive/2024/texmf-dist/tex/latex/graphics/keyval.sty
Package: keyval 2022/05/29 v1.15 key=value parser (DPC)
\KV@toks@=\toks19
)
(c:/texlive/2024/texmf-dist/tex/latex/graphics/graphics.sty
Package: graphics 2022/03/10 v1.4e Standard LaTeX Graphics (DPC,SPQR)

(c:/texlive/2024/texmf-dist/tex/latex/graphics/trig.sty
Package: trig 2021/08/11 v1.11 sin cos tan (DPC)
)
(c:/texlive/2024/texmf-dist/tex/latex/graphics-cfg/graphics.cfg
File: graphics.cfg 2016/06/04 v1.11 sample graphics configuration
)
Package graphics Info: Driver file: pdftex.def on input line 107.

(c:/texlive/2024/texmf-dist/tex/latex/graphics-def/pdftex.def
File: pdftex.def 2022/09/22 v1.2b Graphics/color driver for pdftex
))
\Gin@req@height=\dimen141
\Gin@req@width=\dimen142
)
(c:/texlive/2024/texmf-dist/tex/generic/babel/babel.sty
Package: babel 2024/02/07 v24.2 The Babel package
\babel@savecnt=\count196
\U@D=\dimen143
\l@unhyphenated=\language89

(c:/texlive/2024/texmf-dist/tex/generic/babel/txtbabel.def)
\bbl@readstream=\read2
\bbl@dirlevel=\count197

(c:/texlive/2024/texmf-dist/tex/generic/babel-german/ngerman.ldf
Language: ngerman 2024/01/19 v2.14 German support for babel (post-1996 orthogra
phy)

(c:/texlive/2024/texmf-dist/tex/generic/babel-german/ngermanb.ldf
Language: ngermanb 2024/01/19 v2.14 German support for babel (post-1996 orthogr
aphy)
Package babel Info: Making " an active character on input line 122.
)))
(c:/texlive/2024/texmf-dist/tex/generic/babel/locale/de/babel-ngerman.tex
Package babel Info: Importing font and identification data for ngerman
(babel)             from babel-de.ini. Reported on input line 11.
)
(c:/texlive/2024/texmf-dist/tex/latex/hyperref/hyperref.sty
Package: hyperref 2024-01-20 v7.01h Hypertext links for LaTeX

(c:/texlive/2024/texmf-dist/tex/generic/iftex/iftex.sty
Package: iftex 2022/02/03 v1.0f TeX engine tests
)
(c:/texlive/2024/texmf-dist/tex/latex/kvsetkeys/kvsetkeys.sty
Package: kvsetkeys 2022-10-05 v1.19 Key value parser (HO)
)
(c:/texlive/2024/texmf-dist/tex/generic/kvdefinekeys/kvdefinekeys.sty
Package: kvdefinekeys 2019-12-19 v1.6 Define keys (HO)
)
(c:/texlive/2024/texmf-dist/tex/generic/pdfescape/pdfescape.sty
Package: pdfescape 2019/12/09 v1.15 Implements pdfTeX's escape features (HO)

(c:/texlive/2024/texmf-dist/tex/generic/ltxcmds/ltxcmds.sty
Package: ltxcmds 2023-12-04 v1.26 LaTeX kernel commands for general use (HO)
)
(c:/texlive/2024/texmf-dist/tex/generic/pdftexcmds/pdftexcmds.sty
Package: pdftexcmds 2020-06-27 v0.33 Utility functions of pdfTeX for LuaTeX (HO
)

(c:/texlive/2024/texmf-dist/tex/generic/infwarerr/infwarerr.sty
Package: infwarerr 2019/12/03 v1.5 Providing info/warning/error messages (HO)
)
Package pdftexcmds Info: \pdf@primitive is available.
Package pdftexcmds Info: \pdf@ifprimitive is available.
Package pdftexcmds Info: \pdfdraftmode found.
))
(c:/texlive/2024/texmf-dist/tex/latex/hycolor/hycolor.sty
Package: hycolor 2020-01-27 v1.10 Color options for hyperref/bookmark (HO)
)
(c:/texlive/2024/texmf-dist/tex/latex/auxhook/auxhook.sty
Package: auxhook 2019-12-17 v1.6 Hooks for auxiliary files (HO)
)
(c:/texlive/2024/texmf-dist/tex/latex/hyperref/nameref.sty
Package: nameref 2023-11-26 v2.56 Cross-referencing by name of section

(c:/texlive/2024/texmf-dist/tex/latex/refcount/refcount.sty
Package: refcount 2019/12/15 v3.6 Data extraction from label references (HO)
)
(c:/texlive/2024/texmf-dist/tex/generic/gettitlestring/gettitlestring.sty
Package: gettitlestring 2019/12/15 v1.6 Cleanup title references (HO)

(c:/texlive/2024/texmf-dist/tex/latex/kvoptions/kvoptions.sty
Package: kvoptions 2022-06-15 v3.15 Key value format for package options (HO)
))
\c@section@level=\count198
)
(c:/texlive/2024/texmf-dist/tex/latex/etoolbox/etoolbox.sty
Package: etoolbox 2020/10/05 v2.5k e-TeX tools for LaTeX (JAW)
\etb@tempcnta=\count199
)
\@linkdim=\dimen144
\Hy@linkcounter=\count266
\Hy@pagecounter=\count267

(c:/texlive/2024/texmf-dist/tex/latex/hyperref/pd1enc.def
File: pd1enc.def 2024-01-20 v7.01h Hyperref: PDFDocEncoding definition (HO)
Now handling font encoding PD1 ...
... no UTF-8 mapping file for font encoding PD1
)
(c:/texlive/2024/texmf-dist/tex/generic/intcalc/intcalc.sty
Package: intcalc 2019/12/15 v1.3 Expandable calculations with integers (HO)
)
\Hy@SavedSpaceFactor=\count268

(c:/texlive/2024/texmf-dist/tex/latex/hyperref/puenc.def
File: puenc.def 2024-01-20 v7.01h Hyperref: PDF Unicode definition (HO)
Now handling font encoding PU ...
... no UTF-8 mapping file for font encoding PU
)
Package hyperref Info: Hyper figures OFF on input line 4179.
Package hyperref Info: Link nesting OFF on input line 4184.
Package hyperref Info: Hyper index ON on input line 4187.
Package hyperref Info: Plain pages OFF on input line 4194.
Package hyperref Info: Backreferencing OFF on input line 4199.
Package hyperref Info: Implicit mode ON; LaTeX internals redefined.
Package hyperref Info: Bookmarks ON on input line 4446.
\c@Hy@tempcnt=\count269

(c:/texlive/2024/texmf-dist/tex/latex/url/url.sty
\Urlmuskip=\muskip16
Package: url 2013/09/16  ver 3.4  Verb mode for urls, etc.
)
LaTeX Info: Redefining \url on input line 4784.
\XeTeXLinkMargin=\dimen145

(c:/texlive/2024/texmf-dist/tex/generic/bitset/bitset.sty
Package: bitset 2019/12/09 v1.3 Handle bit-vector datatype (HO)

(c:/texlive/2024/texmf-dist/tex/generic/bigintcalc/bigintcalc.sty
Package: bigintcalc 2019/12/15 v1.5 Expandable calculations on big integers (HO
)
))
\Fld@menulength=\count270
\Field@Width=\dimen146
\Fld@charsize=\dimen147
Package hyperref Info: Hyper figures OFF on input line 6063.
Package hyperref Info: Link nesting OFF on input line 6068.
Package hyperref Info: Hyper index ON on input line 6071.
Package hyperref Info: backreferencing OFF on input line 6078.
Package hyperref Info: Link coloring OFF on input line 6083.
Package hyperref Info: Link coloring with OCG OFF on input line 6088.
Package hyperref Info: PDF/A mode OFF on input line 6093.

(c:/texlive/2024/texmf-dist/tex/latex/base/atbegshi-ltx.sty
Package: atbegshi-ltx 2021/01/10 v1.0c Emulation of the original atbegshi
package with kernel methods
)
\Hy@abspage=\count271
\c@Item=\count272
\c@Hfootnote=\count273
)
Package hyperref Info: Driver (autodetected): hpdftex.

(c:/texlive/2024/texmf-dist/tex/latex/hyperref/hpdftex.def
File: hpdftex.def 2024-01-20 v7.01h Hyperref driver for pdfTeX

(c:/texlive/2024/texmf-dist/tex/latex/base/atveryend-ltx.sty
Package: atveryend-ltx 2020/08/19 v1.0a Emulation of the original atveryend pac
kage
with kernel methods
)
\Fld@listcount=\count274
\c@bookmark@seq@number=\count275

(c:/texlive/2024/texmf-dist/tex/latex/rerunfilecheck/rerunfilecheck.sty
Package: rerunfilecheck 2022-07-10 v1.10 Rerun checks for auxiliary files (HO)

(c:/texlive/2024/texmf-dist/tex/generic/uniquecounter/uniquecounter.sty
Package: uniquecounter 2019/12/15 v1.4 Provide unlimited unique counter (HO)
)
Package uniquecounter Info: New unique counter `rerunfilecheck' on input line 2
85.
)
\Hy@SectionHShift=\skip50
)
(c:/texlive/2024/texmf-dist/tex/latex/enumitem/enumitem.sty
Package: enumitem 2019/06/20 v3.9 Customized lists
\labelindent=\skip51
\enit@outerparindent=\dimen148
\enit@toks=\toks20
\enit@inbox=\box51
\enit@count@id=\count276
\enitdp@description=\count277
)
Package hyperref Info: Option `colorlinks' set `true' on input line 10.

(c:/texlive/2024/texmf-dist/tex/latex/l3backend/l3backend-pdftex.def
File: l3backend-pdftex.def 2024-03-14 L3 backend support: PDF output (pdfTeX)
\l__color_backend_stack_int=\count278
\l__pdf_internal_box=\box52
)
(./Plenarprotokoll19-81.aux)
\openout1 = `Plenarprotokoll19-81.aux'.

LaTeX Font Info:    Checking defaults for OML/cmm/m/it on input line 12.
LaTeX Font Info:    ... okay on input line 12.
LaTeX Font Info:    Checking defaults for OMS/cmsy/m/n on input line 12.
LaTeX Font Info:    ... okay on input line 12.
LaTeX Font Info:    Checking defaults for OT1/cmr/m/n on input line 12.
LaTeX Font Info:    ... okay on input line 12.
LaTeX Font Info:    Checking defaults for T1/cmr/m/n on input line 12.
LaTeX Font Info:    ... okay on input line 12.
LaTeX Font Info:    Checking defaults for TS1/cmr/m/n on input line 12.
LaTeX Font Info:    ... okay on input line 12.
LaTeX Font Info:    Checking defaults for OMX/cmex/m/n on input line 12.
LaTeX Font Info:    ... okay on input line 12.
LaTeX Font Info:    Checking defaults for U/cmr/m/n on input line 12.
LaTeX Font Info:    ... okay on input line 12.
LaTeX Font Info:    Checking defaults for PD1/pdf/m/n on input line 12.
LaTeX Font Info:    ... okay on input line 12.
LaTeX Font Info:    Checking defaults for PU/pdf/m/n on input line 12.
LaTeX Font Info:    ... okay on input line 12.

(c:/texlive/2024/texmf-dist/tex/context/base/mkii/supp-pdf.mkii
[Loading MPS to PDF converter (version 2006.09.02).]
\scratchcounter=\count279
\scratchdimen=\dimen149
\scratchbox=\box53
\nofMPsegments=\count280
\nofMParguments=\count281
\everyMPshowfont=\toks21
\MPscratchCnt=\count282
\MPscratchDim=\dimen150
\MPnumerator=\count283
\makeMPintoPDFobject=\count284
\everyMPtoPDFconversion=\toks22
) (c:/texlive/2024/texmf-dist/tex/latex/epstopdf-pkg/epstopdf-base.sty
Package: epstopdf-base 2020-01-24 v2.11 Base part for package epstopdf
Package epstopdf-base Info: Redefining graphics rule for `.eps' on input line 4
85.

(c:/texlive/2024/texmf-dist/tex/latex/latexconfig/epstopdf-sys.cfg
File: epstopdf-sys.cfg 2010/07/13 v1.3 Configuration of (r)epstopdf for TeX Liv
e
))
(c:/texlive/2024/texmf-dist/tex/latex/graphics/color.sty
Package: color 2022/01/06 v1.3d Standard LaTeX Color (DPC)

(c:/texlive/2024/texmf-dist/tex/latex/graphics-cfg/color.cfg
File: color.cfg 2016/01/02 v1.6 sample color configuration
)
Package color Info: Driver file: pdftex.def on input line 149.

(c:/texlive/2024/texmf-dist/tex/latex/graphics/mathcolor.ltx))
Package hyperref Info: Link coloring ON on input line 12.

(./Plenarprotokoll19-81.out) (./Plenarprotokoll19-81.out)
\@outlinefile=\write3
\openout3 = `Plenarprotokoll19-81.out'.

LaTeX Font Info:    External font `cmex10' loaded for size
(Font)              <12> on input line 16.
LaTeX Font Info:    External font `cmex10' loaded for size
(Font)              <8> on input line 16.
LaTeX Font Info:    External font `cmex10' loaded for size
(Font)              <6> on input line 16.


LaTeX Warning: No \author given.

(./Plenarprotokoll19-81.toc
LaTeX Font Info:    External font `cmex10' loaded for size
(Font)              <7> on input line 3.
LaTeX Font Info:    External font `cmex10' loaded for size
(Font)              <5> on input line 3.
 [1

{c:/texlive/2024/texmf-var/fonts/map/pdftex/updmap/pdftex.map}{c:/texlive/2024/
texmf-dist/fonts/enc/dvips/cm-super/cm-super-t1.enc}])
\tf@toc=\write4
\openout4 = `Plenarprotokoll19-81.toc'.

 [2] [3] [4] [5{c:/texlive/2024/texmf-dist/fonts/enc/dvips/cm-super/cm-super-ts
1.enc}] [6] [7] [8] [9]
Overfull \hbox (11.27914pt too wide) in paragraph at lines 105--107
[]\T1/cmr/m/n/10 (Beifall bei Ab-ge-ord-ne-ten der FDP und der LIN-KEN ^^U Chri
s-ti-ne Aschenberg-
 []

[10]
Overfull \hbox (6.47476pt too wide) in paragraph at lines 129--131
[]\T1/cmr/m/n/10 (Beifall bei der LIN-KEN so-wie bei Ab-ge-ord-ne-ten des BÜND-
NIS-SES 90/DIE
 []


Overfull \hbox (6.47476pt too wide) in paragraph at lines 131--133
[]\T1/cmr/m/n/10 (Beifall bei der LIN-KEN so-wie bei Ab-ge-ord-ne-ten des BÜND-
NIS-SES 90/DIE
 []


Overfull \hbox (6.47476pt too wide) in paragraph at lines 141--142
[]\T1/cmr/m/n/10 (Beifall bei der LIN-KEN so-wie bei Ab-ge-ord-ne-ten des BÜND-
NIS-SES 90/DIE
 []

[11] [12] [13] [14]
Overfull \hbox (0.94833pt too wide) in paragraph at lines 203--204
[]\T1/cmr/m/n/10 (Beifall bei der SPD so-wie bei Ab-ge-ord-ne-ten der CDU/CSU ^
^U Ul-le Schauws
 []

[15] [16]
Overfull \hbox (8.642pt too wide) in paragraph at lines 223--224
[]\T1/cmr/m/n/10 (Beifall bei Ab-ge-ord-ne-ten der CDU/CSU ^^U Ul-le Schauws [B
ÜND-NIS 90/DIE
 []

[17]
Overfull \hbox (12.50107pt too wide) in paragraph at lines 241--243
[]\T1/cmr/m/n/10 (Widerspruch bei Ab-ge-ord-ne-ten der LIN-KEN und des BÜND-NIS
-SES 90/DIE
 []

[18] [19] [20] [21] [22] [23] [24]
Overfull \hbox (6.47476pt too wide) in paragraph at lines 312--314
[]\T1/cmr/m/n/10 (Beifall bei der LIN-KEN so-wie bei Ab-ge-ord-ne-ten des BÜND-
NIS-SES 90/DIE
 []

[25] [26] [27] [28] [29] [30] [31] [32] [33] [34] [35] [36] [37] [38] [39]
[40] [41] [42] [43] [44]
Overfull \hbox (22.08096pt too wide) in paragraph at lines 561--563
[]\T1/cmr/m/n/10 (Beifall bei der FDP und der AfD so-wie der Abg. Marie-Luise D
ött [CDU/CSU]) 
 []

[45]
Overfull \hbox (29.06143pt too wide) in paragraph at lines 574--575
\T1/cmr/m/n/10 Fraktion legt hier einen Ge-setz-ent-wurf zur Än-de-rung des Umw
elt-Rechtsbehelfsgesetzes
 []

[46] [47] [48]
Overfull \hbox (7.2487pt too wide) in paragraph at lines 626--627
\T1/cmr/bx/n/10 Texts: \T1/cmr/m/n/10 Lie-be Kol-le-gin-nen und Kol-le-gen, Ih-
re Aus-füh-run-gen zur Århus-Konvention
 []

[49] [50]
Overfull \hbox (6.47476pt too wide) in paragraph at lines 659--661
[]\T1/cmr/m/n/10 (Beifall bei der LIN-KEN so-wie bei Ab-ge-ord-ne-ten des BÜND-
NIS-SES 90/DIE
 []

[51] [52] [53] [54]
Overfull \hbox (11.97452pt too wide) in paragraph at lines 715--717
[]\T1/cmr/m/n/10 (Beifall der Abg. Marie-Luise Dött [CDU/CSU] ^^U Syl-via Kotti
ng-Uhl [BÜND-
 []

[55] [56]
Overfull \hbox (13.77963pt too wide) in paragraph at lines 760--762
[]\T1/cmr/m/n/10 (Erich Irl-stor-fer [CDU/CSU]: Re-den Sie doch nicht einen sol
-chen Propaganda-
 []

[57] [58]
Overfull \hbox (18.55515pt too wide) in paragraph at lines 778--780
[]\T1/cmr/m/n/10 (Beifall bei Ab-ge-ord-ne-ten der CDU/CSU so-wie der Abg. Chri
s-ti-ne Aschenberg-
 []

[59] [60] [61] [62] [63] [64] [65] [66] [67] [68] [69] [70] [71]
Overfull \hbox (0.35126pt too wide) in paragraph at lines 978--979
[]\T1/cmr/m/n/10 (Kordula Schulz-Asche [BÜND-NIS 90/DIE GRÜ-NEN]: Hät-te man ja
 auch!
 []

[72] [73] [74] [75] [76] [77] [78] [79] [80] [81] [82] [83] [84]
Overfull \hbox (6.47476pt too wide) in paragraph at lines 1147--1149
[]\T1/cmr/m/n/10 (Beifall bei der LIN-KEN so-wie bei Ab-ge-ord-ne-ten des BÜND-
NIS-SES 90/DIE
 []

[85] [86] [87] [88]
Overfull \hbox (6.90018pt too wide) in paragraph at lines 1215--1216
\T1/cmr/m/n/10 Gra-tu-la-ti-on, ich hät-te nicht so viel er-war-tet. Ei-ne an-d
e-re Stu-die aus dem Jahr 2017
 []

[89] [90] [91] [92] [93] [94] [95] [96] [97]
Overfull \hbox (6.47476pt too wide) in paragraph at lines 1326--1328
[]\T1/cmr/m/n/10 (Beifall bei der LIN-KEN so-wie bei Ab-ge-ord-ne-ten des BÜND-
NIS-SES 90/DIE
 []

[98]
Overfull \hbox (17.79144pt too wide) in paragraph at lines 1356--1357
[]\T1/cmr/m/n/10 (Beifall beim BÜND-NIS 90/DIE GRÜ-NEN ^^U Chri-stoph Bernstiel
 [CDU/CSU]:
 []

[99] [100] [101] [102] [103] [104] (./Plenarprotokoll19-81.aux)
 ***********
LaTeX2e <2023-11-01> patch level 1
L3 programming layer <2024-03-14>
 ***********
Package rerunfilecheck Info: File `Plenarprotokoll19-81.out' has not changed.
(rerunfilecheck)             Checksum: AAA1D263DE66616CAFF9A98E3236B880;7146.
 ) 
Here is how much of TeX's memory you used:
 10306 strings out of 474104
 161223 string characters out of 5747502
 1947496 words of memory out of 5000000
 32388 multiletter control sequences out of 15000+600000
 566530 words of font info for 53 fonts, out of 8000000 for 9000
 1141 hyphenation exceptions out of 8191
 75i,6n,79p,7882b,609s stack positions out of 10000i,1000n,20000p,200000b,200000s
<c:/texlive/2024/texmf-dist/fonts/type1/public/cm-super/sfbx1000.pfb><c:/texl
ive/2024/texmf-dist/fonts/type1/public/cm-super/sfbx1200.pfb><c:/texlive/2024/t
exmf-dist/fonts/type1/public/cm-super/sfbx1440.pfb><c:/texlive/2024/texmf-dist/
fonts/type1/public/cm-super/sfrm1000.pfb><c:/texlive/2024/texmf-dist/fonts/type
1/public/cm-super/sfrm1728.pfb>
Output written on Plenarprotokoll19-81.pdf (104 pages, 403357 bytes).
PDF statistics:
 880 PDF objects out of 1000 (max. 8388607)
 755 compressed objects within 8 object streams
 178 named destinations out of 1000 (max. 500000)
 577 words of extra memory for PDF output out of 10000 (max. 10000000)

